<?xml version="1.0" encoding="UTF-8"?>
<!-- Generated by org.testng.reporters.JUnitReportReporter -->
<testsuite hostname="NITIN" failures="0" tests="1" name="RestAssured_CRUD_Actions.Test_PUT_Mehtod" time="2.350" errors="0" timestamp="2025-02-01T14:21:07 IST" skipped="0">
  <testcase classname="RestAssured_CRUD_Actions.Test_PUT_Mehtod" name="Test_Put" time="2.350"/>
</testsuite> <!-- RestAssured_CRUD_Actions.Test_PUT_Mehtod -->
