<?xml version="1.0" encoding="UTF-8"?>
<!-- Generated by org.testng.reporters.JUnitReportReporter -->
<testsuite hostname="NITIN" failures="0" tests="1" name="RestAssured_ValidateHeader.ValidateHeader" time="1.766" errors="0" timestamp="2025-02-02T10:29:07 IST" skipped="0">
  <testcase classname="RestAssured_ValidateHeader.ValidateHeader" name="validateHeader" time="1.766"/>
</testsuite> <!-- RestAssured_ValidateHeader.ValidateHeader -->
