<?xml version="1.0" encoding="UTF-8"?>
<!-- Generated by org.testng.reporters.JUnitReportReporter -->
<testsuite hostname="NITIN" failures="0" tests="1" name="RestAssured_CRUD_Actions.Test_Delete_Method" time="2.385" errors="0" timestamp="2025-02-01T14:31:48 IST" skipped="0">
  <testcase classname="RestAssured_CRUD_Actions.Test_Delete_Method" name="Test_Delete" time="2.385"/>
</testsuite> <!-- RestAssured_CRUD_Actions.Test_Delete_Method -->
