<?xml version="1.0" encoding="UTF-8"?>
<!-- Generated by org.testng.reporters.JUnitReportReporter -->
<testsuite hostname="NITIN" failures="0" tests="1" name="RestAssured_CRUD_Actions.Test_POST_Method" time="2.296" errors="0" timestamp="2025-02-01T14:20:49 IST" skipped="0">
  <testcase classname="RestAssured_CRUD_Actions.Test_POST_Method" name="TestPOST" time="2.296"/>
</testsuite> <!-- RestAssured_CRUD_Actions.Test_POST_Method -->
