<?xml version="1.0" encoding="UTF-8"?>
<!-- Generated by org.testng.reporters.JUnitReportReporter -->
<testsuite hostname="NITIN" failures="0" tests="1" name="ValidateJSONResponseBody.ValidateJSON_ContainString" time="3.841" errors="0" timestamp="2025-02-02T14:38:21 IST" skipped="0">
  <testcase classname="ValidateJSONResponseBody.ValidateJSON_ContainString" name="JSON_ContainString" time="3.841"/>
</testsuite> <!-- ValidateJSONResponseBody.ValidateJSON_ContainString -->
