<?xml version="1.0" encoding="UTF-8"?>
<!-- Generated by org.testng.reporters.JUnitReportReporter -->
<testsuite hostname="NITIN" failures="0" tests="1" name="Authenticate_UsingRestAssured.DigestAuthenticate" time="2.196" errors="0" timestamp="2025-02-03T15:13:54 IST" skipped="0">
  <testcase classname="Authenticate_UsingRestAssured.DigestAuthenticate" name="DigestAuthenticate" time="2.196"/>
</testsuite> <!-- Authenticate_UsingRestAssured.DigestAuthenticate -->
