<?xml version="1.0" encoding="UTF-8"?>
<!-- Generated by org.testng.reporters.JUnitReportReporter -->
<testsuite hostname="NITIN" failures="0" tests="2" name="RestAssured_ResponseValidation.ValidateResponse_Using_RequestSpecification" time="1.889" errors="0" timestamp="2025-02-02T10:11:17 IST" skipped="1">
  <testcase classname="RestAssured_ResponseValidation.ValidateResponse_Using_RequestSpecification" name="bdd_Check_StatusLine" time="1.889"/>
  <testcase classname="RestAssured_ResponseValidation.ValidateResponse_Using_RequestSpecification" name="Test_ResponseStatus_Using_RequestSpecification">
    <skipped/>
  </testcase> <!-- Test_ResponseStatus_Using_RequestSpecification -->
</testsuite> <!-- RestAssured_ResponseValidation.ValidateResponse_Using_RequestSpecification -->
