<?xml version="1.0" encoding="UTF-8"?>
<!-- Generated by org.testng.reporters.JUnitReportReporter -->
<testsuite hostname="NITIN" failures="0" tests="1" name="RestAssured_ValidateHeader.PrintAllHeaders" time="1.718" errors="0" timestamp="2025-02-02T10:42:29 IST" skipped="0">
  <testcase classname="RestAssured_ValidateHeader.PrintAllHeaders" name="ValidateAllHeaders" time="1.718"/>
</testsuite> <!-- RestAssured_ValidateHeader.PrintAllHeaders -->
