<?xml version="1.0" encoding="UTF-8"?>
<!-- Generated by org.testng.reporters.JUnitReportReporter -->
<testsuite hostname="NITIN" failures="0" tests="1" name="Authenticate_UsingRestAssured.BearerToken" time="3.669" errors="0" timestamp="2025-02-03T16:22:57 IST" skipped="0">
  <testcase classname="Authenticate_UsingRestAssured.BearerToken" name="BearerToken" time="3.669"/>
</testsuite> <!-- Authenticate_UsingRestAssured.BearerToken -->
