<?xml version="1.0" encoding="UTF-8"?>
<!-- Generated by org.testng.reporters.JUnitReportReporter -->
<testsuite hostname="NITIN" failures="0" tests="2" name="RestAssured_CRUD_Actions.Test_Get_Method" time="2.376" errors="0" timestamp="2025-02-01T14:35:03 IST" skipped="0">
  <testcase classname="RestAssured_CRUD_Actions.Test_Get_Method" name="TestGet" time="0.281"/>
  <testcase classname="RestAssured_CRUD_Actions.Test_Get_Method" name="BDD_Style" time="2.095"/>
</testsuite> <!-- RestAssured_CRUD_Actions.Test_Get_Method -->
