<?xml version="1.0" encoding="UTF-8"?>
<!-- Generated by org.testng.reporters.JUnitReportReporter -->
<testsuite hostname="NITIN" failures="0" tests="1" name="FirstGetRequest" time="1.862" errors="0" timestamp="2025-01-31T16:55:34 IST" skipped="0">
  <testcase classname="FirstGetRequest" name="testCase01" time="1.862"/>
</testsuite> <!-- FirstGetRequest -->
