<?xml version="1.0" encoding="UTF-8"?>
<!-- Generated by org.testng.reporters.JUnitReportReporter -->
<testsuite hostname="NITIN" failures="0" tests="1" name="Authenticate_UsingRestAssured.BasicAuthenticate" time="2.169" errors="0" timestamp="2025-02-03T14:57:58 IST" skipped="0">
  <testcase classname="Authenticate_UsingRestAssured.BasicAuthenticate" name="BasicAuthenticate" time="2.169"/>
</testsuite> <!-- Authenticate_UsingRestAssured.BasicAuthenticate -->
