<?xml version="1.0" encoding="UTF-8"?>
<!-- Generated by org.testng.reporters.JUnitReportReporter -->
<testsuite hostname="NITIN" failures="0" tests="1" name="HowToUse_QueryParam_in_RestAssured.QueryParam" time="2.364" errors="0" timestamp="2025-02-03T12:26:25 IST" skipped="0">
  <testcase classname="HowToUse_QueryParam_in_RestAssured.QueryParam" name="QueryParam" time="2.364"/>
</testsuite> <!-- HowToUse_QueryParam_in_RestAssured.QueryParam -->
